<?xml version="1.0" encoding="UTF-8"?>
<!-- Generated by org.testng.reporters.JUnitReportReporter -->
<testsuite hostname="Teena" failures="0" tests="5" name="com.training.testcases.OpportunityTest" time="0.000" errors="0" timestamp="2024-04-16T15:18:51 EDT" skipped="5">
  <testcase classname="com.training.testcases.OpportunityTest" name="quarterlySummary" time="0.000">
    <skipped/>
  </testcase> <!-- quarterlySummary -->
  <system-out/>
  <testcase classname="com.training.testcases.OpportunityTest" name="opportunityPipelineLink" time="0.000">
    <skipped/>
  </testcase> <!-- opportunityPipelineLink -->
  <system-out/>
  <testcase classname="com.training.testcases.OpportunityTest" name="stuckOpportunityLink" time="0.000">
    <skipped/>
  </testcase> <!-- stuckOpportunityLink -->
  <system-out/>
  <testcase classname="com.training.testcases.OpportunityTest" name="createNewOpportunity" time="0.000">
    <skipped/>
  </testcase> <!-- createNewOpportunity -->
  <system-out/>
  <testcase classname="com.training.testcases.OpportunityTest" name="opportunitiesDropdownTest">
    <skipped/>
  </testcase> <!-- opportunitiesDropdownTest -->
  <system-out/>
</testsuite> <!-- com.training.testcases.OpportunityTest -->
