<?xml version="1.0" encoding="UTF-8"?>
<!-- Generated by org.testng.reporters.JUnitReportReporter -->
<testsuite hostname="Teena" failures="0" tests="4" name="com.training.testcases.OpportunityTest" time="3.502" errors="1" timestamp="2024-05-06T04:40:14 EDT" skipped="1">
  <testcase classname="com.training.testcases.OpportunityTest" name="quarterlySummary" time="0.567">
    <error message="Cannot locate option with text: Current and Next FQ
For documentation on this error, please visit: https://www.selenium.dev/documentation/webdriver/troubleshooting/errors#no-such-element-exception
Build info: version: &#039;4.19.1&#039;, revision: &#039;abe0ee07dc&#039;
System info: os.name: &#039;Windows 11&#039;, os.arch: &#039;amd64&#039;, os.version: &#039;10.0&#039;, java.version: &#039;17.0.10&#039;
Driver info: driver.version: unknown" type="org.openqa.selenium.NoSuchElementException">
      <![CDATA[org.openqa.selenium.NoSuchElementException: Cannot locate option with text: Current and Next FQ
For documentation on this error, please visit: https://www.selenium.dev/documentation/webdriver/troubleshooting/errors#no-such-element-exception
Build info: version: '4.19.1', revision: 'abe0ee07dc'
System info: os.name: 'Windows 11', os.arch: 'amd64', os.version: '10.0', java.version: '17.0.10'
Driver info: driver.version: unknown
at org.openqa.selenium.support.ui.Select.selectByVisibleText(Select.java:153)
at com.training.base.BasePage.selectText(BasePage.java:73)
at com.training.pages.OpportunityPage.selectInclude(OpportunityPage.java:152)
at com.training.testcases.OpportunityTest.quarterlySummary(OpportunityTest.java:125)
at java.base/jdk.internal.reflect.NativeMethodAccessorImpl.invoke0(Native Method)
at java.base/jdk.internal.reflect.NativeMethodAccessorImpl.invoke(NativeMethodAccessorImpl.java:77)
at java.base/jdk.internal.reflect.DelegatingMethodAccessorImpl.invoke(DelegatingMethodAccessorImpl.java:43)
at java.base/java.lang.reflect.Method.invoke(Method.java:568)
at org.testng.internal.MethodInvocationHelper.invokeMethod(MethodInvocationHelper.java:133)
at org.testng.internal.TestInvoker.invokeMethod(TestInvoker.java:598)
at org.testng.internal.TestInvoker.invokeTestMethod(TestInvoker.java:173)
at org.testng.internal.MethodRunner.runInSequence(MethodRunner.java:46)
at org.testng.internal.TestInvoker$MethodInvocationAgent.invoke(TestInvoker.java:824)
at org.testng.internal.TestInvoker.invokeTestMethods(TestInvoker.java:146)
at org.testng.internal.TestMethodWorker.invokeTestMethods(TestMethodWorker.java:146)
at org.testng.internal.TestMethodWorker.run(TestMethodWorker.java:128)
at java.base/java.util.concurrent.ThreadPoolExecutor.runWorker(ThreadPoolExecutor.java:1136)
at java.base/java.util.concurrent.ThreadPoolExecutor$Worker.run(ThreadPoolExecutor.java:635)
at java.base/java.lang.Thread.run(Thread.java:842)
]]>
    </error>
  </testcase> <!-- quarterlySummary -->
  <system-out/>
  <testcase classname="com.training.testcases.OpportunityTest" name="opportunityPipelineLink" time="1.964"/>
  <system-out/>
  <testcase classname="com.training.testcases.OpportunityTest" name="stuckOpportunityLink" time="0.971"/>
  <system-out/>
  <testcase classname="com.training.testcases.OpportunityTest" name="opportunitiesDropdownTest">
    <skipped/>
  </testcase> <!-- opportunitiesDropdownTest -->
  <system-out/>
</testsuite> <!-- com.training.testcases.OpportunityTest -->
