<?xml version="1.0" encoding="UTF-8"?>
<!-- Generated by org.testng.reporters.JUnitReportReporter -->
<testsuite hostname="Teena" failures="0" tests="1" name="com.training.testcases.DeveloperConsoleTestCase9" time="3.099" errors="0" timestamp="2024-03-31T14:56:58 EDT" skipped="0">
  <testcase classname="com.training.testcases.DeveloperConsoleTestCase9" name="developerConsole" time="3.099"/>
  <system-out/>
</testsuite> <!-- com.training.testcases.DeveloperConsoleTestCase9 -->
