<?xml version="1.0" encoding="UTF-8"?>
<!-- Generated by org.testng.reporters.JUnitReportReporter -->
<testsuite hostname="Teena" failures="0" tests="1" name="com.training.testcases.ContactsTest" time="5.331" errors="0" timestamp="2024-04-11T21:02:08 EDT" skipped="0">
  <testcase classname="com.training.testcases.ContactsTest" name="createNewView" time="5.331"/>
  <system-out/>
</testsuite> <!-- com.training.testcases.ContactsTest -->
