<?xml version="1.0" encoding="UTF-8"?>
<!-- Generated by org.testng.reporters.JUnitReportReporter -->
<testsuite hostname="Teena" failures="0" tests="5" name="com.training.testcases.LoginTest" time="0.000" errors="0" timestamp="2024-04-16T15:18:51 EDT" skipped="5">
  <testcase classname="com.training.testcases.LoginTest" name="forgotPasswordTest" time="0.000">
    <skipped/>
  </testcase> <!-- forgotPasswordTest -->
  <system-out/>
  <testcase classname="com.training.testcases.LoginTest" name="validLogin" time="0.000">
    <skipped/>
  </testcase> <!-- validLogin -->
  <system-out/>
  <testcase classname="com.training.testcases.LoginTest" name="checkRememberme" time="0.000">
    <skipped/>
  </testcase> <!-- checkRememberme -->
  <system-out/>
  <testcase classname="com.training.testcases.LoginTest" name="invalidLogin" time="0.000">
    <skipped/>
  </testcase> <!-- invalidLogin -->
  <system-out/>
  <testcase classname="com.training.testcases.LoginTest" name="WrongUsernameAndPassword" time="0.000">
    <skipped/>
  </testcase> <!-- WrongUsernameAndPassword -->
  <system-out/>
</testsuite> <!-- com.training.testcases.LoginTest -->
