<?xml version="1.0" encoding="UTF-8"?>
<!-- Generated by org.testng.reporters.JUnitReportReporter -->
<testsuite hostname="Teena" failures="0" tests="1" name="com.training.testcases.WrongUsernameAndWrongPasswordTestCase5" time="0.371" errors="0" timestamp="2024-03-29T23:25:04 EDT" skipped="0">
  <testcase classname="com.training.testcases.WrongUsernameAndWrongPasswordTestCase5" name="WrongUsernameAndPassword" time="0.371"/>
  <system-out/>
</testsuite> <!-- com.training.testcases.WrongUsernameAndWrongPasswordTestCase5 -->
