<?xml version="1.0" encoding="UTF-8"?>
<!-- Generated by org.testng.reporters.JUnitReportReporter -->
<testsuite hostname="Teena" failures="0" tests="2" name="com.training.testcases.OpportunityTest" time="3.754" errors="0" timestamp="2024-04-08T12:06:07 EDT" skipped="1">
  <testcase classname="com.training.testcases.OpportunityTest" name="stuckOpportunityLink" time="3.754"/>
  <system-out/>
  <testcase classname="com.training.testcases.OpportunityTest" name="opportunitiesDropdownTest">
    <skipped/>
  </testcase> <!-- opportunitiesDropdownTest -->
  <system-out/>
</testsuite> <!-- com.training.testcases.OpportunityTest -->
