<?xml version="1.0" encoding="UTF-8"?>
<!-- Generated by org.testng.reporters.JUnitReportReporter -->
<testsuite hostname="Teena" failures="0" tests="1" name="com.training.testcases.LeadsTest" time="11.248" errors="0" timestamp="2024-04-11T17:04:22 EDT" skipped="0">
  <testcase classname="com.training.testcases.LeadsTest" name="SelectViewFromDropdownInLeads" time="11.248"/>
  <system-out/>
</testsuite> <!-- com.training.testcases.LeadsTest -->
