<?xml version="1.0" encoding="UTF-8"?>
<!-- Generated by org.testng.reporters.JUnitReportReporter -->
<testsuite hostname="Teena" failures="0" tests="1" name="com.training.testcases.ContactsTest" time="1.686" errors="0" timestamp="2024-04-11T21:12:58 EDT" skipped="0">
  <testcase classname="com.training.testcases.ContactsTest" name="filterView" time="1.686"/>
  <system-out/>
</testsuite> <!-- com.training.testcases.ContactsTest -->
