<?xml version="1.0" encoding="UTF-8"?>
<!-- Generated by org.testng.reporters.JUnitReportReporter -->
<testsuite hostname="Teena" failures="0" tests="2" name="com.training.testcases.OpportunityTest" time="6.077" errors="0" timestamp="2024-04-11T19:41:52 EDT" skipped="1">
  <testcase classname="com.training.testcases.OpportunityTest" name="createNewOpportunity" time="6.077"/>
  <system-out/>
  <testcase classname="com.training.testcases.OpportunityTest" name="opportunitiesDropdownTest">
    <skipped/>
  </testcase> <!-- opportunitiesDropdownTest -->
  <system-out/>
</testsuite> <!-- com.training.testcases.OpportunityTest -->
