<?xml version="1.0" encoding="UTF-8"?>
<!-- Generated by org.testng.reporters.JUnitReportReporter -->
<testsuite hostname="Teena" failures="0" tests="1" name="com.training.testcases.LoginTest" time="3.710" errors="0" timestamp="26 Mar 2024 23:04:41 GMT" skipped="0">
  <testcase classname="com.training.testcases.LoginTest" name="invalidLogin" time="3.710"/>
</testsuite> <!-- com.training.testcases.LoginTest -->
