<?xml version="1.0" encoding="UTF-8"?>
<!-- Generated by org.testng.reporters.JUnitReportReporter -->
<testsuite hostname="Teena" failures="0" tests="1" name="com.training.testcases.ContactsTest" time="6.063" errors="0" timestamp="2024-04-12T07:07:18 EDT" skipped="0">
  <testcase classname="com.training.testcases.ContactsTest" name="createNewView2" time="6.063"/>
  <system-out/>
</testsuite> <!-- com.training.testcases.ContactsTest -->
