<?xml version="1.0" encoding="UTF-8"?>
<!-- Generated by org.testng.reporters.JUnitReportReporter -->
<testsuite hostname="Teena" failures="0" tests="5" name="com.training.testcases.LoginTest" time="17.633" errors="0" timestamp="2024-05-23T14:15:03 EDT" skipped="0">
  <testcase classname="com.training.testcases.LoginTest" name="WrongUsernameAndPassword" time="3.645"/>
  <system-out/>
  <testcase classname="com.training.testcases.LoginTest" name="checkRememberme" time="5.385"/>
  <system-out/>
  <testcase classname="com.training.testcases.LoginTest" name="forgotPasswordTest" time="2.233"/>
  <system-out/>
  <testcase classname="com.training.testcases.LoginTest" name="invalidLogin" time="2.364"/>
  <system-out/>
  <testcase classname="com.training.testcases.LoginTest" name="validLogin" time="4.006"/>
  <system-out/>
</testsuite> <!-- com.training.testcases.LoginTest -->
