<?xml version="1.0" encoding="UTF-8"?>
<!-- Generated by org.testng.reporters.JUnitReportReporter -->
<testsuite hostname="Teena" failures="0" tests="1" name="com.training.testcases.HomeTest" time="5.103" errors="0" timestamp="2024-04-14T14:38:23 EDT" skipped="0">
  <testcase classname="com.training.testcases.HomeTest" name="blockingAnEventInTheCalendarWithWeeklyRecurrence" time="5.103"/>
  <system-out/>
</testsuite> <!-- com.training.testcases.HomeTest -->
