<?xml version="1.0" encoding="UTF-8"?>
<!-- Generated by org.testng.reporters.JUnitReportReporter -->
<testsuite hostname="Teena" failures="0" tests="5" name="com.training.testcases.AccountsTest" time="0.000" errors="0" timestamp="2024-04-16T15:18:51 EDT" skipped="5">
  <testcase classname="com.training.testcases.AccountsTest" name="mergeAccount" time="0.000">
    <skipped/>
  </testcase> <!-- mergeAccount -->
  <system-out/>
  <testcase classname="com.training.testcases.AccountsTest" name="createNewView" time="0.000">
    <skipped/>
  </testcase> <!-- createNewView -->
  <system-out/>
  <testcase classname="com.training.testcases.AccountsTest" name="editView" time="0.000">
    <skipped/>
  </testcase> <!-- editView -->
  <system-out/>
  <testcase classname="com.training.testcases.AccountsTest" name="createAccountReport" time="0.000">
    <skipped/>
  </testcase> <!-- createAccountReport -->
  <system-out/>
  <testcase classname="com.training.testcases.AccountsTest" name="createAnAccount" time="0.000">
    <skipped/>
  </testcase> <!-- createAnAccount -->
  <system-out/>
</testsuite> <!-- com.training.testcases.AccountsTest -->
