<?xml version="1.0" encoding="UTF-8"?>
<!-- Generated by org.testng.reporters.JUnitReportReporter -->
<testsuite hostname="Teena" failures="0" tests="8" name="com.training.testcases.ContactsTest" time="13.245" errors="0" timestamp="2024-05-26T13:38:47 EDT" skipped="0">
  <testcase classname="com.training.testcases.ContactsTest" name="recentContacts" time="0.838"/>
  <system-out/>
  <testcase classname="com.training.testcases.ContactsTest" name="createNewViewInContacts" time="1.212"/>
  <system-out/>
  <testcase classname="com.training.testcases.ContactsTest" name="createNewContacts2" time="2.251"/>
  <system-out/>
  <testcase classname="com.training.testcases.ContactsTest" name="createNewView" time="1.553"/>
  <system-out/>
  <testcase classname="com.training.testcases.ContactsTest" name="createNewView2" time="1.510"/>
  <system-out/>
  <testcase classname="com.training.testcases.ContactsTest" name="filterView" time="0.494"/>
  <system-out/>
  <testcase classname="com.training.testcases.ContactsTest" name="selectViewFromContacts" time="0.412"/>
  <system-out/>
  <testcase classname="com.training.testcases.ContactsTest" name="createNewContacts" time="4.975"/>
  <system-out/>
</testsuite> <!-- com.training.testcases.ContactsTest -->
