<?xml version="1.0" encoding="UTF-8"?>
<!-- Generated by org.testng.reporters.JUnitReportReporter -->
<testsuite hostname="Teena" failures="0" tests="1" name="com.training.testcases.LogoutFromuserMenuTestCase10" time="9.865" errors="0" timestamp="2024-04-02T22:26:47 EDT" skipped="0">
  <testcase classname="com.training.testcases.LogoutFromuserMenuTestCase10" name="myProfileUsermenu" time="9.865"/>
  <system-out/>
</testsuite> <!-- com.training.testcases.LogoutFromuserMenuTestCase10 -->
