<?xml version="1.0" encoding="UTF-8"?>
<!-- Generated by org.testng.reporters.JUnitReportReporter -->
<testsuite hostname="Teena" failures="0" tests="1" name="com.training.testcases.LeadsTest" time="0.851" errors="0" timestamp="2024-04-11T16:36:11 EDT" skipped="0">
  <testcase classname="com.training.testcases.LeadsTest" name="ViewDropdownListContents" time="0.851"/>
  <system-out/>
</testsuite> <!-- com.training.testcases.LeadsTest -->
