<?xml version="1.0" encoding="UTF-8"?>
<!-- Generated by org.testng.reporters.JUnitReportReporter -->
<testsuite hostname="Teena" failures="0" tests="1" name="com.training.testcases.UserMenuTest" time="7.343" errors="0" timestamp="2024-04-12T08:34:21 EDT" skipped="0">
  <testcase classname="com.training.testcases.UserMenuTest" name="verifyFirstAndLastNameAtVAriousPages" time="7.343"/>
  <system-out/>
</testsuite> <!-- com.training.testcases.UserMenuTest -->
