<?xml version="1.0" encoding="UTF-8"?>
<!-- Generated by org.testng.reporters.JUnitReportReporter -->
<testsuite hostname="Teena" failures="0" tests="1" name="com.training.testcases.CreateAnAccountTestCase11" time="6.258" errors="0" timestamp="2024-04-03T07:45:25 EDT" skipped="0">
  <testcase classname="com.training.testcases.CreateAnAccountTestCase11" name="createAnAccount" time="6.258"/>
  <system-out/>
</testsuite> <!-- com.training.testcases.CreateAnAccountTestCase11 -->
