<?xml version="1.0" encoding="UTF-8"?>
<!-- Generated by org.testng.reporters.JUnitReportReporter -->
<testsuite hostname="Teena" failures="0" tests="1" name="com.training.testcases.UserMenuTest" time="6.031" errors="0" timestamp="2024-04-12T08:18:08 EDT" skipped="0">
  <testcase classname="com.training.testcases.UserMenuTest" name="verifyFirstAndLastName" time="6.031"/>
  <system-out/>
</testsuite> <!-- com.training.testcases.UserMenuTest -->
