<?xml version="1.0" encoding="UTF-8"?>
<!-- Generated by org.testng.reporters.JUnitReportReporter -->
<testsuite hostname="Teena" failures="0" tests="1" name="com.training.testcases.LeadsTest" time="2.553" errors="0" timestamp="2024-04-11T15:52:52 EDT" skipped="0">
  <testcase classname="com.training.testcases.LeadsTest" name="leadsTab" time="2.553"/>
  <system-out/>
</testsuite> <!-- com.training.testcases.LeadsTest -->
