<?xml version="1.0" encoding="UTF-8"?>
<!-- Generated by org.testng.reporters.JUnitReportReporter -->
<testsuite hostname="Teena" failures="0" tests="1" name="com.training.testcases.MergeAccountsTestCase14" time="4.882" errors="0" timestamp="2024-04-03T07:47:00 EDT" skipped="0">
  <testcase classname="com.training.testcases.MergeAccountsTestCase14" name="mergeAccount" time="4.882"/>
  <system-out/>
</testsuite> <!-- com.training.testcases.MergeAccountsTestCase14 -->
