<?xml version="1.0" encoding="UTF-8"?>
<!-- Generated by org.testng.reporters.JUnitReportReporter -->
<testsuite hostname="Teena" failures="0" tests="4" name="com.training.testcases.LoginTest" time="22.020" errors="0" timestamp="2024-05-06T04:40:14 EDT" skipped="0">
  <testcase classname="com.training.testcases.LoginTest" name="validLogin" time="6.323"/>
  <system-out/>
  <testcase classname="com.training.testcases.LoginTest" name="forgotPasswordTest" time="2.669"/>
  <system-out/>
  <testcase classname="com.training.testcases.LoginTest" name="invalidLogin" time="2.600"/>
  <system-out/>
  <testcase classname="com.training.testcases.LoginTest" name="checkRememberme" time="10.428"/>
  <system-out/>
</testsuite> <!-- com.training.testcases.LoginTest -->
