<?xml version="1.0" encoding="UTF-8"?>
<!-- Generated by org.testng.reporters.JUnitReportReporter -->
<testsuite hostname="Teena" failures="0" tests="1" name="com.training.testcases.ContactsTest" time="4.695" errors="0" timestamp="2024-04-11T21:23:04 EDT" skipped="0">
  <testcase classname="com.training.testcases.ContactsTest" name="selectViewFromContacts" time="4.695"/>
  <system-out/>
</testsuite> <!-- com.training.testcases.ContactsTest -->
