<?xml version="1.0" encoding="UTF-8"?>
<!-- Generated by org.testng.reporters.JUnitReportReporter -->
<testsuite hostname="Teena" failures="0" tests="1" name="com.training.testcases.ContactsTest" time="5.207" errors="0" timestamp="2024-04-12T07:18:41 EDT" skipped="0">
  <testcase classname="com.training.testcases.ContactsTest" name="createNewContacts2" time="5.207"/>
  <system-out/>
</testsuite> <!-- com.training.testcases.ContactsTest -->
