<?xml version="1.0" encoding="UTF-8"?>
<!-- Generated by org.testng.reporters.JUnitReportReporter -->
<testsuite hostname="Teena" failures="0" tests="1" name="com.training.testcases.CreateAccountReportTestCase15" time="9.135" errors="0" timestamp="2024-04-03T08:57:54 EDT" skipped="0">
  <testcase classname="com.training.testcases.CreateAccountReportTestCase15" name="createAccountReport" time="9.135"/>
  <system-out/>
</testsuite> <!-- com.training.testcases.CreateAccountReportTestCase15 -->
