<?xml version="1.0" encoding="UTF-8"?>
<!-- Generated by org.testng.reporters.JUnitReportReporter -->
<testsuite hostname="Teena" failures="0" tests="5" name="com.training.testcases.LeadsTest" time="26.501" errors="0" timestamp="2024-05-26T13:52:23 EDT" skipped="0">
  <testcase classname="com.training.testcases.LeadsTest" name="createNewLead" time="7.057"/>
  <system-out/>
  <testcase classname="com.training.testcases.LeadsTest" name="SelectViewFromDropdownInLeads" time="11.958"/>
  <system-out/>
  <testcase classname="com.training.testcases.LeadsTest" name="ViewDropdownListContents" time="2.613"/>
  <system-out/>
  <testcase classname="com.training.testcases.LeadsTest" name="validateTodaysLeadPageIsDisplayed" time="3.001"/>
  <system-out/>
  <testcase classname="com.training.testcases.LeadsTest" name="leadsTab" time="1.872"/>
  <system-out/>
</testsuite> <!-- com.training.testcases.LeadsTest -->
