<?xml version="1.0" encoding="UTF-8"?>
<!-- Generated by org.testng.reporters.JUnitReportReporter -->
<testsuite hostname="Teena" failures="0" tests="1" name="com.training.testcases.HomeTest" time="3.709" errors="0" timestamp="2024-04-12T08:54:20 EDT" skipped="0">
  <testcase classname="com.training.testcases.HomeTest" name="customizeMyTab" time="3.709"/>
  <system-out/>
</testsuite> <!-- com.training.testcases.HomeTest -->
