<?xml version="1.0" encoding="UTF-8"?>
<!-- Generated by org.testng.reporters.JUnitReportReporter -->
<testsuite hostname="Teena" failures="0" tests="1" name="com.training.testcases.HomeTest" time="5.364" errors="0" timestamp="2024-04-14T14:08:19 EDT" skipped="0">
  <testcase classname="com.training.testcases.HomeTest" name="blockingAnEventInTheCalendar" time="5.364"/>
  <system-out/>
</testsuite> <!-- com.training.testcases.HomeTest -->
