<?xml version="1.0" encoding="UTF-8"?>
<!-- Generated by org.testng.reporters.JUnitReportReporter -->
<testsuite hostname="Teena" failures="0" tests="2" name="com.training.testcases.OpportunityTest" time="3.567" errors="0" timestamp="2024-04-11T11:32:58 EDT" skipped="1">
  <testcase classname="com.training.testcases.OpportunityTest" name="quarterlySummary" time="3.567"/>
  <system-out/>
  <testcase classname="com.training.testcases.OpportunityTest" name="opportunitiesDropdownTest">
    <skipped/>
  </testcase> <!-- opportunitiesDropdownTest -->
  <system-out/>
</testsuite> <!-- com.training.testcases.OpportunityTest -->
