<?xml version="1.0" encoding="UTF-8"?>
<!-- Generated by org.testng.reporters.JUnitReportReporter -->
<testsuite hostname="Teena" failures="0" tests="8" name="com.training.testcases.ContactsTest" time="0.000" errors="0" timestamp="2024-04-16T15:18:51 EDT" skipped="8">
  <testcase classname="com.training.testcases.ContactsTest" name="createNewView" time="0.000">
    <skipped/>
  </testcase> <!-- createNewView -->
  <system-out/>
  <testcase classname="com.training.testcases.ContactsTest" name="createNewViewInContacts" time="0.000">
    <skipped/>
  </testcase> <!-- createNewViewInContacts -->
  <system-out/>
  <testcase classname="com.training.testcases.ContactsTest" name="createNewView2" time="0.000">
    <skipped/>
  </testcase> <!-- createNewView2 -->
  <system-out/>
  <testcase classname="com.training.testcases.ContactsTest" name="createNewContacts" time="0.000">
    <skipped/>
  </testcase> <!-- createNewContacts -->
  <system-out/>
  <testcase classname="com.training.testcases.ContactsTest" name="filterView" time="0.000">
    <skipped/>
  </testcase> <!-- filterView -->
  <system-out/>
  <testcase classname="com.training.testcases.ContactsTest" name="recentContacts" time="0.000">
    <skipped/>
  </testcase> <!-- recentContacts -->
  <system-out/>
  <testcase classname="com.training.testcases.ContactsTest" name="selectViewFromContacts" time="0.000">
    <skipped/>
  </testcase> <!-- selectViewFromContacts -->
  <system-out/>
  <testcase classname="com.training.testcases.ContactsTest" name="createNewContacts2" time="0.000">
    <skipped/>
  </testcase> <!-- createNewContacts2 -->
  <system-out/>
</testsuite> <!-- com.training.testcases.ContactsTest -->
