<?xml version="1.0" encoding="UTF-8"?>
<!-- Generated by org.testng.reporters.JUnitReportReporter -->
<testsuite hostname="Teena" failures="0" tests="3" name="com.training.testcases.HomeTest" time="0.000" errors="0" timestamp="2024-04-16T15:18:51 EDT" skipped="3">
  <testcase classname="com.training.testcases.HomeTest" name="blockingAnEventInTheCalendar" time="0.000">
    <skipped/>
  </testcase> <!-- blockingAnEventInTheCalendar -->
  <system-out/>
  <testcase classname="com.training.testcases.HomeTest" name="customizeMyTab" time="0.000">
    <skipped/>
  </testcase> <!-- customizeMyTab -->
  <system-out/>
  <testcase classname="com.training.testcases.HomeTest" name="blockingAnEventInTheCalendarWithWeeklyRecurrence" time="0.000">
    <skipped/>
  </testcase> <!-- blockingAnEventInTheCalendarWithWeeklyRecurrence -->
  <system-out/>
</testsuite> <!-- com.training.testcases.HomeTest -->
