<?xml version="1.0" encoding="UTF-8"?>
<!-- Generated by org.testng.reporters.JUnitReportReporter -->
<testsuite hostname="Teena" failures="0" tests="7" name="com.training.testcases.UserMenuTest" time="0.000" errors="0" timestamp="2024-04-16T15:18:51 EDT" skipped="7">
  <testcase classname="com.training.testcases.UserMenuTest" name="developerConsole" time="0.000">
    <skipped/>
  </testcase> <!-- developerConsole -->
  <system-out/>
  <testcase classname="com.training.testcases.UserMenuTest" name="verifyFirstAndLastName" time="0.000">
    <skipped/>
  </testcase> <!-- verifyFirstAndLastName -->
  <system-out/>
  <testcase classname="com.training.testcases.UserMenuTest" name="verifyFirstAndLastNameAtVAriousPages" time="0.000">
    <skipped/>
  </testcase> <!-- verifyFirstAndLastNameAtVAriousPages -->
  <system-out/>
  <testcase classname="com.training.testcases.UserMenuTest" name="logout" time="0.000">
    <skipped/>
  </testcase> <!-- logout -->
  <system-out/>
  <testcase classname="com.training.testcases.UserMenuTest" name="editProfile" time="0.000">
    <skipped/>
  </testcase> <!-- editProfile -->
  <system-out/>
  <testcase classname="com.training.testcases.UserMenuTest" name="mySettingsUsermenu" time="0.000">
    <skipped/>
  </testcase> <!-- mySettingsUsermenu -->
  <system-out/>
  <testcase classname="com.training.testcases.UserMenuTest" name="checkTheOptionsInUserMenu" time="0.000">
    <skipped/>
  </testcase> <!-- checkTheOptionsInUserMenu -->
  <system-out/>
</testsuite> <!-- com.training.testcases.UserMenuTest -->
