<?xml version="1.0" encoding="UTF-8"?>
<!-- Generated by org.testng.reporters.JUnitReportReporter -->
<testsuite hostname="Teena" failures="0" tests="1" name="com.training.testcases.CreateNewViewTestCase12" time="4.703" errors="0" timestamp="2024-04-01T04:21:35 EDT" skipped="0">
  <testcase classname="com.training.testcases.CreateNewViewTestCase12" name="createNewView" time="4.703"/>
  <system-out/>
</testsuite> <!-- com.training.testcases.CreateNewViewTestCase12 -->
