<?xml version="1.0" encoding="UTF-8"?>
<!-- Generated by org.testng.reporters.JUnitReportReporter -->
<testsuite hostname="Teena" failures="0" tests="1" name="com.training.testcases.MySettingsFromUserMenuTestCase8" time="6.732" errors="0" timestamp="2024-04-02T22:38:51 EDT" skipped="0">
  <testcase classname="com.training.testcases.MySettingsFromUserMenuTestCase8" name="mySettingsUsermenu" time="6.732"/>
  <system-out/>
</testsuite> <!-- com.training.testcases.MySettingsFromUserMenuTestCase8 -->
