<?xml version="1.0" encoding="UTF-8"?>
<!-- Generated by org.testng.reporters.JUnitReportReporter -->
<testsuite hostname="Teena" failures="0" tests="1" name="com.training.testcases.ForgotPasswordTestCase4" time="0.802" errors="0" timestamp="2024-03-29T23:25:04 EDT" skipped="0">
  <testcase classname="com.training.testcases.ForgotPasswordTestCase4" name="forgotPasswordTest" time="0.802"/>
  <system-out/>
</testsuite> <!-- com.training.testcases.ForgotPasswordTestCase4 -->
