<?xml version="1.0" encoding="UTF-8"?>
<!-- Generated by org.testng.reporters.JUnitReportReporter -->
<testsuite hostname="Teena" failures="0" tests="1" name="com.training.testcases.UserMenuDropdownTestCase6" time="3.199" errors="0" timestamp="2024-03-30T19:32:48 EDT" skipped="0">
  <testcase classname="com.training.testcases.UserMenuDropdownTestCase6" name="checkTheOptionsInUserMenu" time="3.199"/>
  <system-out/>
</testsuite> <!-- com.training.testcases.UserMenuDropdownTestCase6 -->
