<?xml version="1.0" encoding="UTF-8"?>
<!-- Generated by org.testng.reporters.JUnitReportReporter -->
<testsuite hostname="Teena" failures="0" tests="1" name="com.training.testcases.ValidLoginTestCase2" time="5.587" errors="0" timestamp="2024-03-29T23:25:04 EDT" skipped="0">
  <testcase classname="com.training.testcases.ValidLoginTestCase2" name="validLogin" time="5.587"/>
  <system-out/>
</testsuite> <!-- com.training.testcases.ValidLoginTestCase2 -->
