<?xml version="1.0" encoding="UTF-8"?>
<!-- Generated by org.testng.reporters.JUnitReportReporter -->
<testsuite hostname="Teena" failures="0" tests="1" name="com.training.testcases.InvalidLoginWithErrorMessageTestCase1" time="3.370" errors="0" timestamp="2024-04-06T13:45:38 EDT" skipped="0">
  <testcase classname="com.training.testcases.InvalidLoginWithErrorMessageTestCase1" name="forgotPasswordTest" time="3.370"/>
  <system-out/>
</testsuite> <!-- com.training.testcases.InvalidLoginWithErrorMessageTestCase1 -->
