<?xml version="1.0" encoding="UTF-8"?>
<!-- Generated by org.testng.reporters.JUnitReportReporter -->
<testsuite hostname="Teena" failures="0" tests="1" name="com.training.testcases.InvalidLoginWithErrorMessageTest" time="3.174" errors="0" timestamp="2024-03-29T16:52:58 EDT" skipped="0">
  <testcase classname="com.training.testcases.InvalidLoginWithErrorMessageTest" name="invalidLogin" time="3.174"/>
  <system-out/>
</testsuite> <!-- com.training.testcases.InvalidLoginWithErrorMessageTest -->
