<?xml version="1.0" encoding="UTF-8"?>
<!-- Generated by org.testng.reporters.JUnitReportReporter -->
<testsuite hostname="Teena" failures="0" tests="4" name="com.training.testcases.CheckRememberMeTestCase3" time="3.307" errors="0" timestamp="2024-03-30T19:33:36 EDT" skipped="0">
  <testcase classname="com.training.testcases.CheckRememberMeTestCase3" name="loggingout" time="0.257"/>
  <system-out/>
  <testcase classname="com.training.testcases.CheckRememberMeTestCase3" name="checkRememberme" time="1.801"/>
  <system-out/>
  <testcase classname="com.training.testcases.CheckRememberMeTestCase3" name="clickOnUserMenu" time="1.246"/>
  <system-out/>
  <testcase classname="com.training.testcases.CheckRememberMeTestCase3" name="validationOfTest" time="0.003"/>
  <system-out/>
</testsuite> <!-- com.training.testcases.CheckRememberMeTestCase3 -->
